<?xml version="1.0" encoding="UTF-8"?>
<!-- Generated by org.testng.reporters.JUnitReportReporter -->
<testsuite hostname="DESKTOP-9US11KL" failures="0" tests="1" name="scripts.Test1" time="0.003" errors="0" timestamp="2022-12-07T17:08:52 IST" skipped="0">
  <testcase classname="scripts.Test1" name="tc1" time="0.003"/>
  <system-out>
    <![CDATA[helloTest1]]>
  </system-out>
</testsuite> <!-- scripts.Test1 -->
