<?xml version="1.0" encoding="UTF-8"?>
<!-- Generated by org.testng.reporters.JUnitReportReporter -->
<testsuite hostname="DESKTOP-9US11KL" failures="0" tests="1" name="scripts.Test2" time="0.011" errors="0" timestamp="2022-12-07T17:08:52 IST" skipped="0">
  <testcase classname="scripts.Test2" name="tc1" time="0.011"/>
  <system-out>
    <![CDATA[hello]]>
  </system-out>
</testsuite> <!-- scripts.Test2 -->
